Determining if the pthread_create exist failed with the following output:
Change Dir: /home/piggy/code/gaas_ws/src/offboard_pkg/build/CMakeFiles/CMakeTmp

Run Build Command:"/usr/bin/make" "cmTC_463ec/fast"
/usr/bin/make -f CMakeFiles/cmTC_463ec.dir/build.make CMakeFiles/cmTC_463ec.dir/build
make[1]: 进入目录“/home/piggy/code/gaas_ws/src/offboard_pkg/build/CMakeFiles/CMakeTmp”
Building C object CMakeFiles/cmTC_463ec.dir/CheckSymbolExists.c.o
/usr/bin/cc    -o CMakeFiles/cmTC_463ec.dir/CheckSymbolExists.c.o   -c /home/piggy/code/gaas_ws/src/offboard_pkg/build/CMakeFiles/CMakeTmp/CheckSymbolExists.c
Linking C executable cmTC_463ec
/usr/bin/cmake -E cmake_link_script CMakeFiles/cmTC_463ec.dir/link.txt --verbose=1
/usr/bin/cc      -rdynamic CMakeFiles/cmTC_463ec.dir/CheckSymbolExists.c.o  -o cmTC_463ec 
CMakeFiles/cmTC_463ec.dir/CheckSymbolExists.c.o：在函数‘main’中：
CheckSymbolExists.c:(.text+0x1b)：对‘pthread_create’未定义的引用
collect2: error: ld returned 1 exit status
CMakeFiles/cmTC_463ec.dir/build.make:97: recipe for target 'cmTC_463ec' failed
make[1]: *** [cmTC_463ec] Error 1
make[1]: 离开目录“/home/piggy/code/gaas_ws/src/offboard_pkg/build/CMakeFiles/CMakeTmp”
Makefile:126: recipe for target 'cmTC_463ec/fast' failed
make: *** [cmTC_463ec/fast] Error 2

File /home/piggy/code/gaas_ws/src/offboard_pkg/build/CMakeFiles/CMakeTmp/CheckSymbolExists.c:
/* */
#include <pthread.h>

int main(int argc, char** argv)
{
  (void)argv;
#ifndef pthread_create
  return ((int*)(&pthread_create))[argc];
#else
  (void)argc;
  return 0;
#endif
}

Determining if the function pthread_create exists in the pthreads failed with the following output:
Change Dir: /home/piggy/code/gaas_ws/src/offboard_pkg/build/CMakeFiles/CMakeTmp

Run Build Command:"/usr/bin/make" "cmTC_89f80/fast"
/usr/bin/make -f CMakeFiles/cmTC_89f80.dir/build.make CMakeFiles/cmTC_89f80.dir/build
make[1]: 进入目录“/home/piggy/code/gaas_ws/src/offboard_pkg/build/CMakeFiles/CMakeTmp”
Building C object CMakeFiles/cmTC_89f80.dir/CheckFunctionExists.c.o
/usr/bin/cc   -DCHECK_FUNCTION_EXISTS=pthread_create   -o CMakeFiles/cmTC_89f80.dir/CheckFunctionExists.c.o   -c /usr/share/cmake-3.10/Modules/CheckFunctionExists.c
Linking C executable cmTC_89f80
/usr/bin/cmake -E cmake_link_script CMakeFiles/cmTC_89f80.dir/link.txt --verbose=1
/usr/bin/cc  -DCHECK_FUNCTION_EXISTS=pthread_create    -rdynamic CMakeFiles/cmTC_89f80.dir/CheckFunctionExists.c.o  -o cmTC_89f80 -lpthreads 
/usr/bin/ld: 找不到 -lpthreads
collect2: error: ld returned 1 exit status
CMakeFiles/cmTC_89f80.dir/build.make:97: recipe for target 'cmTC_89f80' failed
make[1]: *** [cmTC_89f80] Error 1
make[1]: 离开目录“/home/piggy/code/gaas_ws/src/offboard_pkg/build/CMakeFiles/CMakeTmp”
Makefile:126: recipe for target 'cmTC_89f80/fast' failed
make: *** [cmTC_89f80/fast] Error 2


